<?xml version="1.0" encoding="UTF-8"?>
<!-- Generated by org.testng.reporters.JUnitReportReporter -->
<testsuite hostname="DESKTOP-TP6MMLS" failures="0" tests="3" name="TestNG_Annotations1.TC_001" time="0.061" errors="0" timestamp="2025-04-04T12:29:48 IST" skipped="0">
  <testcase classname="TestNG_Annotations1.TC_001" name="m2" time="0.010"/>
  <testcase classname="TestNG_Annotations1.TC_001" name="m3" time="0.017"/>
  <testcase classname="TestNG_Annotations1.TC_001" name="m1" time="0.034"/>
</testsuite> <!-- TestNG_Annotations1.TC_001 -->
