<?xml version="1.0" encoding="UTF-8"?>
<!-- Generated by org.testng.reporters.JUnitReportReporter -->
<testsuite hostname="DESKTOP-TP6MMLS" failures="0" tests="3" name="TestNG_Annotations.BeforeTest_and_AfterTest" time="0.027" errors="0" timestamp="2025-04-04T01:11:35 IST" skipped="0">
  <testcase classname="TestNG_Annotations.BeforeTest_and_AfterTest" name="m3" time="0.011"/>
  <testcase classname="TestNG_Annotations.BeforeTest_and_AfterTest" name="m1" time="0.012"/>
  <testcase classname="TestNG_Annotations.BeforeTest_and_AfterTest" name="m2" time="0.004"/>
</testsuite> <!-- TestNG_Annotations.BeforeTest_and_AfterTest -->
