<?xml version="1.0" encoding="UTF-8"?>
<!-- Generated by org.testng.reporters.JUnitReportReporter -->
<testsuite hostname="DESKTOP-DPMS9G0" failures="0" tests="3" name="TestNG_Annotations.BeforeMethod_and_AfterMethod" time="0.071" errors="0" timestamp="2025-03-31T02:19:31 IST" skipped="0">
  <testcase classname="TestNG_Annotations.BeforeMethod_and_AfterMethod" name="m1" time="0.043"/>
  <testcase classname="TestNG_Annotations.BeforeMethod_and_AfterMethod" name="m3" time="0.017"/>
  <testcase classname="TestNG_Annotations.BeforeMethod_and_AfterMethod" name="m2" time="0.011"/>
</testsuite> <!-- TestNG_Annotations.BeforeMethod_and_AfterMethod -->
