<?xml version="1.0" encoding="UTF-8"?>
<!-- Generated by org.testng.reporters.JUnitReportReporter -->
<testsuite hostname="DESKTOP-TP6MMLS" failures="0" tests="3" name="TestNG_Annotations.BeforeClass_and_AfterClass" time="0.047" errors="0" timestamp="2025-04-04T01:11:01 IST" skipped="0">
  <testcase classname="TestNG_Annotations.BeforeClass_and_AfterClass" name="m1" time="0.020"/>
  <testcase classname="TestNG_Annotations.BeforeClass_and_AfterClass" name="m3" time="0.008"/>
  <testcase classname="TestNG_Annotations.BeforeClass_and_AfterClass" name="m2" time="0.019"/>
</testsuite> <!-- TestNG_Annotations.BeforeClass_and_AfterClass -->
