<?xml version="1.0" encoding="UTF-8"?>
<!-- Generated by org.testng.reporters.JUnitReportReporter -->
<testsuite hostname="DESKTOP-TP6MMLS" failures="0" tests="4" name="TestNG_Annotations2.Fb" time="29.796" errors="0" timestamp="2025-04-04T12:23:12 IST" skipped="0">
  <testcase classname="TestNG_Annotations2.Fb" name="verifyForgottenpassword" time="7.290"/>
  <testcase classname="TestNG_Annotations2.Fb" name="verfiyhomepageText" time="8.458"/>
  <testcase classname="TestNG_Annotations2.Fb" name="verifyTitle" time="7.103"/>
  <testcase classname="TestNG_Annotations2.Fb" name="verifyUrl" time="6.945"/>
</testsuite> <!-- TestNG_Annotations2.Fb -->
