<?xml version="1.0" encoding="UTF-8"?>
<!-- Generated by org.testng.reporters.JUnitReportReporter -->
<testsuite hostname="DESKTOP-TP6MMLS" failures="0" tests="4" name="TestNG_Annotations2.Fb1" time="0.186" errors="0" timestamp="2025-04-04T12:24:29 IST" skipped="0">
  <testcase classname="TestNG_Annotations2.Fb1" name="verfiyhomepageText" time="0.089"/>
  <testcase classname="TestNG_Annotations2.Fb1" name="verifyUrl" time="0.021"/>
  <testcase classname="TestNG_Annotations2.Fb1" name="verifyTitle" time="0.019"/>
  <testcase classname="TestNG_Annotations2.Fb1" name="verifyForgottenpassword" time="0.057"/>
</testsuite> <!-- TestNG_Annotations2.Fb1 -->
