<?xml version="1.0" encoding="UTF-8"?>
<!-- Generated by org.testng.reporters.JUnitReportReporter -->
<testsuite hostname="DESKTOP-TP6MMLS" failures="0" tests="4" name="TestNG_Annotations1.TC_003" time="0.082" errors="0" timestamp="2025-04-04T12:29:48 IST" skipped="0">
  <testcase classname="TestNG_Annotations1.TC_003" name="m7" time="0.016"/>
  <testcase classname="TestNG_Annotations1.TC_003" name="m9" time="0.035"/>
  <testcase classname="TestNG_Annotations1.TC_003" name="m10" time="0.022"/>
  <testcase classname="TestNG_Annotations1.TC_003" name="m8" time="0.009"/>
</testsuite> <!-- TestNG_Annotations1.TC_003 -->
