<?xml version="1.0" encoding="UTF-8"?>
<!-- Generated by org.testng.reporters.JUnitReportReporter -->
<testsuite hostname="DESKTOP-TP6MMLS" failures="0" tests="4" name="TestNG_Annotations2.Fb2" time="0.179" errors="0" timestamp="2025-04-04T12:25:51 IST" skipped="0">
  <testcase classname="TestNG_Annotations2.Fb2" name="verifyTitle" time="0.018"/>
  <testcase classname="TestNG_Annotations2.Fb2" name="verifyUrl" time="0.020"/>
  <testcase classname="TestNG_Annotations2.Fb2" name="verifyForgottenpassword" time="0.055"/>
  <testcase classname="TestNG_Annotations2.Fb2" name="verfiyhomepageText" time="0.086"/>
</testsuite> <!-- TestNG_Annotations2.Fb2 -->
