<?xml version="1.0" encoding="UTF-8"?>
<!-- Generated by org.testng.reporters.JUnitReportReporter -->
<testsuite hostname="DESKTOP-TP6MMLS" failures="0" tests="3" name="TestNG_Annotations1.TC_002" time="0.043" errors="0" timestamp="2025-04-04T12:29:48 IST" skipped="0">
  <testcase classname="TestNG_Annotations1.TC_002" name="m5" time="0.018"/>
  <testcase classname="TestNG_Annotations1.TC_002" name="m4" time="0.012"/>
  <testcase classname="TestNG_Annotations1.TC_002" name="m6" time="0.013"/>
</testsuite> <!-- TestNG_Annotations1.TC_002 -->
